<?xml version="1.0" encoding="UTF-8"?>
<testng-results ignored="0" total="4" passed="4" failed="0" skipped="0">
  <reporter-output>
  </reporter-output>
  <suite started-at="2023-10-03T11:35:57 GMT-04:00" name="Suite" finished-at="2023-10-03T11:35:57 GMT-04:00" duration-ms="153">
    <groups>
    </groups>
    <test started-at="2023-10-03T11:35:57 GMT-04:00" name="Test" finished-at="2023-10-03T11:35:57 GMT-04:00" duration-ms="153">
      <class name="TestCases.TC1test">
        <test-method signature="m1()[pri:0, instance:TestCases.TC1test@48f278eb]" started-at="2023-10-03T11:35:57 GMT-04:00" name="m1" finished-at="2023-10-03T11:35:57 GMT-04:00" duration-ms="2" status="PASS">
          <reporter-output>
          </reporter-output>
        </test-method> <!-- m1 -->
      </class> <!-- TestCases.TC1test -->
      <class name="TestCases.TC4test">
        <test-method signature="m2()[pri:0, instance:TestCases.TC4test@53fdffa1]" started-at="2023-10-03T11:35:57 GMT-04:00" name="m2" finished-at="2023-10-03T11:35:57 GMT-04:00" duration-ms="13" status="PASS">
          <reporter-output>
          </reporter-output>
        </test-method> <!-- m2 -->
      </class> <!-- TestCases.TC4test -->
      <class name="TestCases.TC3test">
        <test-method signature="m3()[pri:0, instance:TestCases.TC3test@611889f4]" started-at="2023-10-03T11:35:57 GMT-04:00" name="m3" finished-at="2023-10-03T11:35:57 GMT-04:00" duration-ms="3" status="PASS">
          <reporter-output>
          </reporter-output>
        </test-method> <!-- m3 -->
      </class> <!-- TestCases.TC3test -->
      <class name="TestCases.TC2test">
        <test-method signature="m2()[pri:0, instance:TestCases.TC2test@3f6b0be5]" started-at="2023-10-03T11:35:57 GMT-04:00" name="m2" finished-at="2023-10-03T11:35:57 GMT-04:00" duration-ms="1" status="PASS">
          <reporter-output>
          </reporter-output>
        </test-method> <!-- m2 -->
      </class> <!-- TestCases.TC2test -->
    </test> <!-- Test -->
  </suite> <!-- Suite -->
</testng-results>
