<?xml version="1.0" encoding="UTF-8"?>
<!-- Generated by org.testng.reporters.JUnitXMLReporter -->
<testsuite ignored="0" hostname="DESKTOP-PUTS5QD" failures="0" tests="4" name="Test" time="0.153" errors="0" timestamp="2023-10-03T11:35:57 GMT-04:00">
  <testcase classname="TestCases.TC4test" name="m2" time="0.013"/>
  <testcase classname="TestCases.TC2test" name="m2" time="0.001"/>
  <testcase classname="TestCases.TC3test" name="m3" time="0.003"/>
  <testcase classname="TestCases.TC1test" name="m1" time="0.002"/>
</testsuite> <!-- Test -->
